<?xml version="1.0" encoding="UTF-8"?>
<!-- Generated by org.testng.reporters.JUnitReportReporter -->
<testsuite hostname="Yaaminee" failures="0" tests="2" name="com.QuebecBonds.FinalProject_Yaaminee.TestCases" time="57.859" errors="0" timestamp="2024-07-19T14:11:57 EDT" skipped="0">
  <testcase classname="com.QuebecBonds.FinalProject_Yaaminee.TestCases" name="changeLanguage" time="3.020"/>
  <testcase classname="com.QuebecBonds.FinalProject_Yaaminee.TestCases" name="findBondTableRows" time="54.839"/>
</testsuite> <!-- com.QuebecBonds.FinalProject_Yaaminee.TestCases -->
