<?xml version="1.0" encoding="UTF-8"?>
<!-- Generated by org.testng.reporters.JUnitReportReporter -->
<testsuite hostname="Yaaminee" failures="0" tests="2" name="com.QuebecBonds.FinalProject_Yaaminee.TestCasesNew" time="18.909" errors="0" timestamp="2024-07-19T09:53:54 EDT" skipped="0">
  <testcase classname="com.QuebecBonds.FinalProject_Yaaminee.TestCasesNew" name="changeLanguage" time="3.062"/>
  <testcase classname="com.QuebecBonds.FinalProject_Yaaminee.TestCasesNew" name="findBondTableRows" time="15.847"/>
</testsuite> <!-- com.QuebecBonds.FinalProject_Yaaminee.TestCasesNew -->
